Content-Type: multipart/alternative;
 boundary="===============2938991594602046484=="
MIME-Version: 1.0
Subject: Activate your account
From: admin@lms.com.ng
To: jude@loanx.com
Date: Thu, 26 Nov 2020 11:40:21 -0000
Message-ID: <160639082154.4376.4759033701474061291@DESKTOP-H4Q0M29>

--===============2938991594602046484==
Content-Type: text/plain; charset="utf-8"
MIME-Version: 1.0
Content-Transfer-Encoding: 7bit

Hey jude please reset password
--===============2938991594602046484==
Content-Type: text/html; charset="utf-8"
MIME-Version: 1.0
Content-Transfer-Encoding: 7bit

<p>Hey jude please reset password .</p><a href="https://localhost:8000.com.ng/reset-password/cC94iOAUue2ZUljCb4tJJsRSI7m0eeC9qR2gWcJ5pY8R1c83qc">https://holidaypro.com.ng/reset-password/cC94iOAUue2ZUljCb4tJJsRSI7m0eeC9qR2gWcJ5pY8R1c83qc</a>
--===============2938991594602046484==--

-------------------------------------------------------------------------------
