Content-Type: multipart/alternative;
 boundary="===============6730461038432691733=="
MIME-Version: 1.0
Subject: Activate your account
From: admin@lms.com.ng
To: adefila@loanx.com
Date: Wed, 25 Nov 2020 15:46:38 -0000
Message-ID: <160631919880.4376.11566322797441020971@DESKTOP-H4Q0M29>

--===============6730461038432691733==
Content-Type: text/plain; charset="utf-8"
MIME-Version: 1.0
Content-Transfer-Encoding: 7bit

Hey adefila please reset password
--===============6730461038432691733==
Content-Type: text/html; charset="utf-8"
MIME-Version: 1.0
Content-Transfer-Encoding: 7bit

<p>Hey adefila please reset password .</p><a href="https://localhost:8000.com.ng/reset-password/E0bPpgyvVEgS5KN6ZCCD5U2imDFypMD8OV74d2yleRaI7aH9WW">https://holidaypro.com.ng/reset-password/E0bPpgyvVEgS5KN6ZCCD5U2imDFypMD8OV74d2yleRaI7aH9WW</a>
--===============6730461038432691733==--

-------------------------------------------------------------------------------
