Content-Type: multipart/alternative;
 boundary="===============1192729156690700196=="
MIME-Version: 1.0
Subject: hujkuegfuiewfghw
From: iulehtieuhtw@gmail.com
To: njdfvndfkfnedk@gmail.com
Date: Tue, 24 Nov 2020 10:12:11 -0000
Message-ID: <160621273124.10980.14026060213871656126@DESKTOP-H4Q0M29>

--===============1192729156690700196==
Content-Type: text/plain; charset="utf-8"
MIME-Version: 1.0
Content-Transfer-Encoding: 7bit

Hey please reset password
--===============1192729156690700196==
Content-Type: text/html; charset="utf-8"
MIME-Version: 1.0
Content-Transfer-Encoding: 7bit

<p>Hey please reset password .</p>
--===============1192729156690700196==--

-------------------------------------------------------------------------------
