Content-Type: multipart/alternative;
 boundary="===============9006137171269410740=="
MIME-Version: 1.0
Subject: hujkuegfuiewfghw
From: iulehtieuhtw@gmail.com
To: njdfvndfkfnedk@gmail.com
Date: Tue, 24 Nov 2020 12:47:44 -0000
Message-ID: <160622206431.8936.14935549487431607912@DESKTOP-H4Q0M29>

--===============9006137171269410740==
Content-Type: text/plain; charset="utf-8"
MIME-Version: 1.0
Content-Transfer-Encoding: 7bit

Hey please reset password
--===============9006137171269410740==
Content-Type: text/html; charset="utf-8"
MIME-Version: 1.0
Content-Transfer-Encoding: 7bit

<p>Hey please reset password .</p>
--===============9006137171269410740==--

-------------------------------------------------------------------------------
