Content-Type: multipart/alternative;
 boundary="===============4734070025014126504=="
MIME-Version: 1.0
Subject: Activate your account
From: admin@lms.com.ng
To: adeyemi@loanx.com
Date: Wed, 25 Nov 2020 15:45:34 -0000
Message-ID: <160631913435.4376.3210421577855355893@DESKTOP-H4Q0M29>

--===============4734070025014126504==
Content-Type: text/plain; charset="utf-8"
MIME-Version: 1.0
Content-Transfer-Encoding: 7bit

Hey adeyemi please reset password
--===============4734070025014126504==
Content-Type: text/html; charset="utf-8"
MIME-Version: 1.0
Content-Transfer-Encoding: 7bit

<p>Hey adeyemi please reset password .</p><a href="https://localhost:8000.com.ng/reset-password/mvmEz5YR0d8wf5aA3Ec928U5IfprSusaHADfMmMt22ODYnDQso">https://holidaypro.com.ng/reset-password/mvmEz5YR0d8wf5aA3Ec928U5IfprSusaHADfMmMt22ODYnDQso</a>
--===============4734070025014126504==--

-------------------------------------------------------------------------------
