Content-Type: multipart/alternative;
 boundary="===============2602590334965714556=="
MIME-Version: 1.0
Subject: Activate your account
From: admin@lms.com.ng
To: sodiq@loanx.com
Date: Thu, 26 Nov 2020 11:24:45 -0000
Message-ID: <160638988578.4376.12799080408618014692@DESKTOP-H4Q0M29>

--===============2602590334965714556==
Content-Type: text/plain; charset="utf-8"
MIME-Version: 1.0
Content-Transfer-Encoding: 7bit

Hey sodiq please reset password
--===============2602590334965714556==
Content-Type: text/html; charset="utf-8"
MIME-Version: 1.0
Content-Transfer-Encoding: 7bit

<p>Hey sodiq please reset password .</p><a href="https://localhost:8000.com.ng/reset-password/S2DaRHEUaHfK3ol7g1wqFNE35EEPcsaea727rQCddlAStdsoIA">https://holidaypro.com.ng/reset-password/S2DaRHEUaHfK3ol7g1wqFNE35EEPcsaea727rQCddlAStdsoIA</a>
--===============2602590334965714556==--

-------------------------------------------------------------------------------
