Content-Type: multipart/alternative;
 boundary="===============8122540715056367083=="
MIME-Version: 1.0
Subject: Activate your account
From: admin@lms.com.ng
To: tobi@loanx.com
Date: Thu, 26 Nov 2020 11:48:15 -0000
Message-ID: <160639129579.4376.2270227007198797763@DESKTOP-H4Q0M29>

--===============8122540715056367083==
Content-Type: text/plain; charset="utf-8"
MIME-Version: 1.0
Content-Transfer-Encoding: 7bit

Hey tobi please reset password
--===============8122540715056367083==
Content-Type: text/html; charset="utf-8"
MIME-Version: 1.0
Content-Transfer-Encoding: 7bit

<p>Hey tobi please reset password .</p><a href="https://localhost:8000.com.ng/reset-password/4429Vz60owoeFJwTDaFNp5OMEfFbcqd60bZ1aHEYubClIsV5Ad">https://holidaypro.com.ng/reset-password/4429Vz60owoeFJwTDaFNp5OMEfFbcqd60bZ1aHEYubClIsV5Ad</a>
--===============8122540715056367083==--

-------------------------------------------------------------------------------
