Content-Type: multipart/alternative;
 boundary="===============3311803172661293753=="
MIME-Version: 1.0
Subject: Activate your account
From: admin@lms.com.ng
To: adeyemi@loanx.com
Date: Fri, 08 Jan 2021 23:21:43 -0000
Message-ID: <161014810387.8076.4554735174868549898@hp>

--===============3311803172661293753==
Content-Type: text/plain; charset="utf-8"
MIME-Version: 1.0
Content-Transfer-Encoding: 7bit

Hey adeyemi please reset password
--===============3311803172661293753==
Content-Type: text/html; charset="utf-8"
MIME-Version: 1.0
Content-Transfer-Encoding: 7bit

<p>Hey adeyemi please reset password .</p><a href="https://localhost:8000.com.ng/reset-password/ZEO2fpJRmiHKs1Hf56D24QLf8h75bJ2ZHMVs3BHd1e4dSxwoKA">https://holidaypro.com.ng/reset-password/ZEO2fpJRmiHKs1Hf56D24QLf8h75bJ2ZHMVs3BHd1e4dSxwoKA</a>
--===============3311803172661293753==--

-------------------------------------------------------------------------------
