Content-Type: multipart/alternative;
 boundary="===============0349901341309220087=="
MIME-Version: 1.0
Subject: Activate your account
From: admin@lms.com.ng
To: Ddeymomo@loanx.com
Date: Sat, 09 Jan 2021 00:27:06 -0000
Message-ID: <161015202646.8252.6986821477965101605@hp>

--===============0349901341309220087==
Content-Type: text/plain; charset="utf-8"
MIME-Version: 1.0
Content-Transfer-Encoding: 7bit

Hey Ddeymomo please reset password
--===============0349901341309220087==
Content-Type: text/html; charset="utf-8"
MIME-Version: 1.0
Content-Transfer-Encoding: 7bit

<p>Hey Ddeymomo please reset password .</p><a href="https://localhost:8000.com.ng/reset-password/buJ0PvZTfY3ldpgjbo9CJmfEZKAUBCsqqsa4oVloHoALDI44FX">https://holidaypro.com.ng/reset-password/buJ0PvZTfY3ldpgjbo9CJmfEZKAUBCsqqsa4oVloHoALDI44FX</a>
--===============0349901341309220087==--

-------------------------------------------------------------------------------
