Content-Type: multipart/alternative;
 boundary="===============5500890579005274185=="
MIME-Version: 1.0
Subject: Activate your account
From: admin@lms.com.ng
To: Bdeymomo@loanx.com
Date: Fri, 08 Jan 2021 23:57:17 -0000
Message-ID: <161015023764.8252.18134374999668447482@hp>

--===============5500890579005274185==
Content-Type: text/plain; charset="utf-8"
MIME-Version: 1.0
Content-Transfer-Encoding: 7bit

Hey Bdeymomo please reset password
--===============5500890579005274185==
Content-Type: text/html; charset="utf-8"
MIME-Version: 1.0
Content-Transfer-Encoding: 7bit

<p>Hey Bdeymomo please reset password .</p><a href="https://localhost:8000.com.ng/reset-password/cyk0EwZkvZ5ddz276IlfOq8nU4oQVCQJCN4n57Ha7RACFNLWf1">https://holidaypro.com.ng/reset-password/cyk0EwZkvZ5ddz276IlfOq8nU4oQVCQJCN4n57Ha7RACFNLWf1</a>
--===============5500890579005274185==--

-------------------------------------------------------------------------------
