Content-Type: multipart/alternative;
 boundary="===============4620406701457234302=="
MIME-Version: 1.0
Subject: Activate your account
From: admin@lms.com.ng
To: Cdeymomo@loanx.com
Date: Fri, 08 Jan 2021 23:57:52 -0000
Message-ID: <161015027220.8252.5474163707033466526@hp>

--===============4620406701457234302==
Content-Type: text/plain; charset="utf-8"
MIME-Version: 1.0
Content-Transfer-Encoding: 7bit

Hey Cdeymomo please reset password
--===============4620406701457234302==
Content-Type: text/html; charset="utf-8"
MIME-Version: 1.0
Content-Transfer-Encoding: 7bit

<p>Hey Cdeymomo please reset password .</p><a href="https://localhost:8000.com.ng/reset-password/wl3CpillH0811WD8giFZDAdfUCvPcVG1GffYGbArIRzH3af0f6">https://holidaypro.com.ng/reset-password/wl3CpillH0811WD8giFZDAdfUCvPcVG1GffYGbArIRzH3af0f6</a>
--===============4620406701457234302==--

-------------------------------------------------------------------------------
