Content-Type: multipart/alternative;
 boundary="===============6468800702241553596=="
MIME-Version: 1.0
Subject: Activate your account
From: admin@lms.com.ng
To: adeymomo@loanx.com
Date: Fri, 08 Jan 2021 23:26:58 -0000
Message-ID: <161014841845.8076.15362253622784346065@hp>

--===============6468800702241553596==
Content-Type: text/plain; charset="utf-8"
MIME-Version: 1.0
Content-Transfer-Encoding: 7bit

Hey adeymomo please reset password
--===============6468800702241553596==
Content-Type: text/html; charset="utf-8"
MIME-Version: 1.0
Content-Transfer-Encoding: 7bit

<p>Hey adeymomo please reset password .</p><a href="https://localhost:8000.com.ng/reset-password/8bX0i5D4anDOmY0WIDrBEA6lGXkPKNAnJ8eD87QDbz21nfwYKF">https://holidaypro.com.ng/reset-password/8bX0i5D4anDOmY0WIDrBEA6lGXkPKNAnJ8eD87QDbz21nfwYKF</a>
--===============6468800702241553596==--

-------------------------------------------------------------------------------
